# JRE version: Java(TM) SE Runtime Environment (8.0_211-b12) (build 1.8.0_211-b12)
# Java VM: Java HotSpot(TM) 64-Bit Server VM (25.211-b12 mixed mode windows-amd64 compressed oops)
Heap:
 PSYoungGen      total 114176K, used 96160K [0x000000076b180000, 0x0000000774c00000, 0x00000007c0000000)
  eden space 106496K, 83% used [0x000000076b180000,0x000000077083e638,0x0000000771980000)
  from space 7680K, 95% used [0x0000000771980000,0x00000007720a9d38,0x0000000772100000)
  to   space 8192K, 0% used [0x0000000774400000,0x0000000774400000,0x0000000774c00000)
 ParOldGen       total 98304K, used 6865K [0x00000006c1400000, 0x00000006c7400000, 0x000000076b180000)
  object space 98304K, 6% used [0x00000006c1400000,0x00000006c1ab4440,0x00000006c7400000)
 Metaspace       used 34298K, capacity 35404K, committed 35456K, reserved 1081344K
  class space    used 3990K, capacity 4222K, committed 4224K, reserved 1048576K
GC Heap History (10 events):
Event: 5.288 GC heap before
{Heap before GC invocations=6 (full 1):
 PSYoungGen      total 76288K, used 6443K [0x000000076b180000, 0x0000000770680000, 0x00000007c0000000)
  eden space 65536K, 0% used [0x000000076b180000,0x000000076b180000,0x000000076f180000)
  from space 10752K, 59% used [0x000000076f180000,0x000000076f7cadc8,0x000000076fc00000)
  to   space 10752K, 0% used [0x000000076fc00000,0x000000076fc00000,0x0000000770680000)
 ParOldGen       total 175104K, used 48K [0x00000006c1400000, 0x00000006cbf00000, 0x000000076b180000)
  object space 175104K, 0% used [0x00000006c1400000,0x00000006c140c000,0x00000006cbf00000)
 Metaspace       used 20606K, capacity 21108K, committed 21296K, reserved 1069056K
  class space    used 2465K, capacity 2608K, committed 2688K, reserved 1048576K
Event: 5.366 GC heap after
Heap after GC invocations=6 (full 1):
 PSYoungGen      total 76288K, used 0K [0x000000076b180000, 0x0000000770680000, 0x00000007c0000000)
  eden space 65536K, 0% used [0x000000076b180000,0x000000076b180000,0x000000076f180000)
  from space 10752K, 0% used [0x000000076f180000,0x000000076f180000,0x000000076fc00000)
  to   space 10752K, 0% used [0x000000076fc00000,0x000000076fc00000,0x0000000770680000)
 ParOldGen       total 98304K, used 6255K [0x00000006c1400000, 0x00000006c7400000, 0x000000076b180000)
  object space 98304K, 6% used [0x00000006c1400000,0x00000006c1a1bd10,0x00000006c7400000)
 Metaspace       used 20606K, capacity 21108K, committed 21296K, reserved 1069056K
  class space    used 2465K, capacity 2608K, committed 2688K, reserved 1048576K
}
Event: 5.968 GC heap before
{Heap before GC invocations=7 (full 1):
 PSYoungGen      total 76288K, used 65536K [0x000000076b180000, 0x0000000770680000, 0x00000007c0000000)
  eden space 65536K, 100% used [0x000000076b180000,0x000000076f180000,0x000000076f180000)
  from space 10752K, 0% used [0x000000076f180000,0x000000076f180000,0x000000076fc00000)
  to   space 10752K, 0% used [0x000000076fc00000,0x000000076fc00000,0x0000000770680000)
 ParOldGen       total 98304K, used 6255K [0x00000006c1400000, 0x00000006c7400000, 0x000000076b180000)
  object space 98304K, 6% used [0x00000006c1400000,0x00000006c1a1bd10,0x00000006c7400000)
 Metaspace       used 22586K, capacity 23152K, committed 23344K, reserved 1069056K
  class space    used 2684K, capacity 2834K, committed 2944K, reserved 1048576K
Event: 5.975 GC heap after
Heap after GC invocations=7 (full 1):
 PSYoungGen      total 79360K, used 2650K [0x000000076b180000, 0x0000000772500000, 0x00000007c0000000)
  eden space 68608K, 0% used [0x000000076b180000,0x000000076b180000,0x000000076f480000)
  from space 10752K, 24% used [0x000000076fc00000,0x000000076fe968f0,0x0000000770680000)
  to   space 7680K, 0% used [0x000000076f480000,0x000000076f480000,0x000000076fc00000)
 ParOldGen       total 98304K, used 6255K [0x00000006c1400000, 0x00000006c7400000, 0x000000076b180000)
  object space 98304K, 6% used [0x00000006c1400000,0x00000006c1a1bd10,0x00000006c7400000)
 Metaspace       used 22586K, capacity 23152K, committed 23344K, reserved 1069056K
  class space    used 2684K, capacity 2834K, committed 2944K, reserved 1048576K
}
Event: 6.525 GC heap before
{Heap before GC invocations=8 (full 1):
 PSYoungGen      total 79360K, used 71258K [0x000000076b180000, 0x0000000772500000, 0x00000007c0000000)
  eden space 68608K, 100% used [0x000000076b180000,0x000000076f480000,0x000000076f480000)
  from space 10752K, 24% used [0x000000076fc00000,0x000000076fe968f0,0x0000000770680000)
  to   space 7680K, 0% used [0x000000076f480000,0x000000076f480000,0x000000076fc00000)
 ParOldGen       total 98304K, used 6255K [0x00000006c1400000, 0x00000006c7400000, 0x000000076b180000)
  object space 98304K, 6% used [0x00000006c1400000,0x00000006c1a1bd10,0x00000006c7400000)
 Metaspace       used 24759K, capacity 25384K, committed 25600K, reserved 1071104K
  class space    used 2858K, capacity 3012K, committed 3072K, reserved 1048576K
Event: 6.535 GC heap after
Heap after GC invocations=8 (full 1):
 PSYoungGen      total 76288K, used 3374K [0x000000076b180000, 0x0000000772980000, 0x00000007c0000000)
  eden space 68608K, 0% used [0x000000076b180000,0x000000076b180000,0x000000076f480000)
  from space 7680K, 43% used [0x000000076f480000,0x000000076f7cbad8,0x000000076fc00000)
  to   space 7680K, 0% used [0x0000000772200000,0x0000000772200000,0x0000000772980000)
 ParOldGen       total 98304K, used 6263K [0x00000006c1400000, 0x00000006c7400000, 0x000000076b180000)
  object space 98304K, 6% used [0x00000006c1400000,0x00000006c1a1dd10,0x00000006c7400000)
 Metaspace       used 24759K, capacity 25384K, committed 25600K, reserved 1071104K
  class space    used 2858K, capacity 3012K, committed 3072K, reserved 1048576K
}
Event: 7.002 GC heap before
{Heap before GC invocations=9 (full 1):
 PSYoungGen      total 76288K, used 71975K [0x000000076b180000, 0x0000000772980000, 0x00000007c0000000)
  eden space 68608K, 99% used [0x000000076b180000,0x000000076f47e450,0x000000076f480000)
  from space 7680K, 43% used [0x000000076f480000,0x000000076f7cbad8,0x000000076fc00000)
  to   space 7680K, 0% used [0x0000000772200000,0x0000000772200000,0x0000000772980000)
 ParOldGen       total 98304K, used 6263K [0x00000006c1400000, 0x00000006c7400000, 0x000000076b180000)
  object space 98304K, 6% used [0x00000006c1400000,0x00000006c1a1dd10,0x00000006c7400000)
 Metaspace       used 26075K, capacity 26730K, committed 27008K, reserved 1073152K
  class space    used 3004K, capacity 3179K, committed 3200K, reserved 1048576K
Event: 7.009 GC heap after
Heap after GC invocations=9 (full 1):
 PSYoungGen      total 113152K, used 3684K [0x000000076b180000, 0x0000000772880000, 0x00000007c0000000)
  eden space 106496K, 0% used [0x000000076b180000,0x000000076b180000,0x0000000771980000)
  from space 6656K, 55% used [0x0000000772200000,0x0000000772599360,0x0000000772880000)
  to   space 7680K, 0% used [0x0000000771980000,0x0000000771980000,0x0000000772100000)
 ParOldGen       total 98304K, used 6271K [0x00000006c1400000, 0x00000006c7400000, 0x000000076b180000)
  object space 98304K, 6% used [0x00000006c1400000,0x00000006c1a1fd10,0x00000006c7400000)
 Metaspace       used 26075K, capacity 26730K, committed 27008K, reserved 1073152K
  class space    used 3004K, capacity 3179K, committed 3200K, reserved 1048576K
}
Event: 8.307 GC heap before
{Heap before GC invocations=10 (full 1):
 PSYoungGen      total 113152K, used 110180K [0x000000076b180000, 0x0000000772880000, 0x00000007c0000000)
  eden space 106496K, 100% used [0x000000076b180000,0x0000000771980000,0x0000000771980000)
  from space 6656K, 55% used [0x0000000772200000,0x0000000772599360,0x0000000772880000)
  to   space 7680K, 0% used [0x0000000771980000,0x0000000771980000,0x0000000772100000)
 ParOldGen       total 98304K, used 6271K [0x00000006c1400000, 0x00000006c7400000, 0x000000076b180000)
  object space 98304K, 6% used [0x00000006c1400000,0x00000006c1a1fd10,0x00000006c7400000)
 Metaspace       used 31097K, capacity 31932K, committed 32000K, reserved 1077248K
  class space    used 3621K, capacity 3826K, committed 3840K, reserved 1048576K
Event: 8.330 GC heap after
Heap after GC invocations=10 (full 1):
 PSYoungGen      total 114176K, used 7335K [0x000000076b180000, 0x0000000774c00000, 0x00000007c0000000)
  eden space 106496K, 0% used [0x000000076b180000,0x000000076b180000,0x0000000771980000)
  from space 7680K, 95% used [0x0000000771980000,0x00000007720a9d38,0x0000000772100000)
  to   space 8192K, 0% used [0x0000000774400000,0x0000000774400000,0x0000000774c00000)
 ParOldGen       total 98304K, used 6865K [0x00000006c1400000, 0x00000006c7400000, 0x000000076b180000)
  object space 98304K, 6% used [0x00000006c1400000,0x00000006c1ab4440,0x00000006c7400000)
 Metaspace       used 31097K, capacity 31932K, committed 32000K, reserved 1077248K
  class space    used 3621K, capacity 3826K, committed 3840K, reserved 1048576K
}

